{"/Users/digital/Desktop/app-test/app/dataZip.js": {"path":"/Users/digital/Desktop/app-test/app/dataZip.js","statementMap":{"0":{"start":{"line":1,"column":16},"end":{"line":1,"column":18}},"1":{"start":{"line":3,"column":0},"end":{"line":3,"column":24}}},"fnMap":{},"branchMap":{},"s":{"0":1,"1":1},"f":{},"b":{},"_coverageSchema":"1a1c01bbd47fc00a2c39e90264f33305004495a9","hash":"7ef3e8ad0b2458edf619f3f166fd2b3dad9b8fd6"}
,"/Users/digital/Desktop/app-test/app/form_validator.js": {"path":"/Users/digital/Desktop/app-test/app/form_validator.js","statementMap":{"0":{"start":{"line":3,"column":34},"end":{"line":3,"column":50}},"1":{"start":{"line":4,"column":2},"end":{"line":4,"column":45}},"2":{"start":{"line":8,"column":2},"end":{"line":8,"column":44}},"3":{"start":{"line":12,"column":2},"end":{"line":12,"column":68}},"4":{"start":{"line":15,"column":0},"end":{"line":19,"column":2}}},"fnMap":{"0":{"name":"isValidCommaDelimitedList","decl":{"start":{"line":1,"column":9},"end":{"line":1,"column":34}},"loc":{"start":{"line":1,"column":42},"end":{"line":5,"column":1}},"line":1},"1":{"name":"isValidTagmode","decl":{"start":{"line":7,"column":9},"end":{"line":7,"column":23}},"loc":{"start":{"line":7,"column":31},"end":{"line":9,"column":1}},"line":7},"2":{"name":"hasValidFlickrAPIParams","decl":{"start":{"line":11,"column":9},"end":{"line":11,"column":32}},"loc":{"start":{"line":11,"column":48},"end":{"line":13,"column":1}},"line":11}},"branchMap":{"0":{"loc":{"start":{"line":8,"column":9},"end":{"line":8,"column":43}},"type":"binary-expr","locations":[{"start":{"line":8,"column":9},"end":{"line":8,"column":24}},{"start":{"line":8,"column":28},"end":{"line":8,"column":43}}],"line":8},"1":{"loc":{"start":{"line":12,"column":9},"end":{"line":12,"column":67}},"type":"binary-expr","locations":[{"start":{"line":12,"column":9},"end":{"line":12,"column":40}},{"start":{"line":12,"column":44},"end":{"line":12,"column":67}}],"line":12}},"s":{"0":10,"1":10,"2":7,"3":6,"4":2},"f":{"0":10,"1":7,"2":6},"b":{"0":[7,3],"1":[6,4]},"_coverageSchema":"1a1c01bbd47fc00a2c39e90264f33305004495a9","hash":"e180cedee7e31eca96e29af6d7e8131b48685058"}
,"/Users/digital/Desktop/app-test/app/jsonp_helper.js": {"path":"/Users/digital/Desktop/app-test/app/jsonp_helper.js","statementMap":{"0":{"start":{"line":2,"column":2},"end":{"line":14,"column":3}},"1":{"start":{"line":3,"column":21},"end":{"line":3,"column":44}},"2":{"start":{"line":4,"column":19},"end":{"line":4,"column":46}},"3":{"start":{"line":5,"column":21},"end":{"line":5,"column":66}},"4":{"start":{"line":8,"column":4},"end":{"line":8,"column":49}},"5":{"start":{"line":10,"column":4},"end":{"line":10,"column":34}},"6":{"start":{"line":12,"column":18},"end":{"line":12,"column":76}},"7":{"start":{"line":13,"column":4},"end":{"line":13,"column":16}},"8":{"start":{"line":17,"column":0},"end":{"line":19,"column":2}}},"fnMap":{"0":{"name":"parseJSONP","decl":{"start":{"line":1,"column":9},"end":{"line":1,"column":19}},"loc":{"start":{"line":1,"column":31},"end":{"line":15,"column":1}},"line":1}},"branchMap":{},"s":{"0":5,"1":5,"2":5,"3":5,"4":5,"5":5,"6":2,"7":2,"8":4},"f":{"0":5},"b":{},"_coverageSchema":"1a1c01bbd47fc00a2c39e90264f33305004495a9","hash":"acb8d2a3d79927a6bab66725859239e063167e9c"}
,"/Users/digital/Desktop/app-test/app/photo_model.js": {"path":"/Users/digital/Desktop/app-test/app/photo_model.js","statementMap":{"0":{"start":{"line":1,"column":12},"end":{"line":1,"column":26}},"1":{"start":{"line":2,"column":20},"end":{"line":2,"column":42}},"2":{"start":{"line":3,"column":20},"end":{"line":3,"column":45}},"3":{"start":{"line":6,"column":13},"end":{"line":6,"column":69}},"4":{"start":{"line":8,"column":18},"end":{"line":13,"column":3}},"5":{"start":{"line":15,"column":2},"end":{"line":24,"column":5}},"6":{"start":{"line":16,"column":22},"end":{"line":16,"column":59}},"7":{"start":{"line":18,"column":4},"end":{"line":21,"column":7}},"8":{"start":{"line":19,"column":6},"end":{"line":19,"column":64}},"9":{"start":{"line":20,"column":6},"end":{"line":20,"column":64}},"10":{"start":{"line":23,"column":4},"end":{"line":23,"column":27}},"11":{"start":{"line":27,"column":0},"end":{"line":29,"column":2}}},"fnMap":{"0":{"name":"getFlickrPhotos","decl":{"start":{"line":5,"column":9},"end":{"line":5,"column":24}},"loc":{"start":{"line":5,"column":40},"end":{"line":25,"column":1}},"line":5},"1":{"name":"(anonymous_1)","decl":{"start":{"line":15,"column":27},"end":{"line":15,"column":28}},"loc":{"start":{"line":15,"column":39},"end":{"line":24,"column":3}},"line":15},"2":{"name":"(anonymous_2)","decl":{"start":{"line":18,"column":28},"end":{"line":18,"column":29}},"loc":{"start":{"line":18,"column":37},"end":{"line":21,"column":5}},"line":18}},"branchMap":{},"s":{"0":3,"1":3,"2":3,"3":3,"4":3,"5":3,"6":2,"7":1,"8":2,"9":2,"10":1,"11":3},"f":{"0":3,"1":2,"2":2},"b":{},"_coverageSchema":"1a1c01bbd47fc00a2c39e90264f33305004495a9","hash":"0414fc0bd34cf68023fb0dac52fdc33659e1ddbe"}
,"/Users/digital/Desktop/app-test/app/route.js": {"path":"/Users/digital/Desktop/app-test/app/route.js","statementMap":{"0":{"start":{"line":1,"column":11},"end":{"line":1,"column":24}},"1":{"start":{"line":3,"column":17},"end":{"line":3,"column":48}},"2":{"start":{"line":4,"column":20},"end":{"line":4,"column":52}},"3":{"start":{"line":6,"column":22},"end":{"line":6,"column":49}},"4":{"start":{"line":7,"column":19},"end":{"line":7,"column":43}},"5":{"start":{"line":9,"column":16},"end":{"line":9,"column":36}},"6":{"start":{"line":10,"column":15},"end":{"line":10,"column":32}},"7":{"start":{"line":14,"column":2},"end":{"line":92,"column":5}},"8":{"start":{"line":16,"column":17},"end":{"line":16,"column":31}},"9":{"start":{"line":17,"column":20},"end":{"line":17,"column":37}},"10":{"start":{"line":19,"column":30},"end":{"line":26,"column":5}},"11":{"start":{"line":29,"column":4},"end":{"line":31,"column":5}},"12":{"start":{"line":30,"column":6},"end":{"line":30,"column":52}},"13":{"start":{"line":34,"column":4},"end":{"line":37,"column":5}},"14":{"start":{"line":35,"column":6},"end":{"line":35,"column":49}},"15":{"start":{"line":36,"column":6},"end":{"line":36,"column":52}},"16":{"start":{"line":38,"column":25},"end":{"line":81,"column":5}},"17":{"start":{"line":39,"column":6},"end":{"line":39,"column":40}},"18":{"start":{"line":40,"column":6},"end":{"line":40,"column":45}},"19":{"start":{"line":43,"column":8},"end":{"line":48,"column":10}},"20":{"start":{"line":44,"column":10},"end":{"line":46,"column":11}},"21":{"start":{"line":45,"column":12},"end":{"line":45,"column":24}},"22":{"start":{"line":47,"column":10},"end":{"line":47,"column":23}},"23":{"start":{"line":51,"column":6},"end":{"line":51,"column":26}},"24":{"start":{"line":53,"column":18},"end":{"line":53,"column":37}},"25":{"start":{"line":55,"column":6},"end":{"line":55,"column":22}},"26":{"start":{"line":57,"column":6},"end":{"line":78,"column":7}},"27":{"start":{"line":59,"column":8},"end":{"line":59,"column":53}},"28":{"start":{"line":61,"column":24},"end":{"line":64,"column":9}},"29":{"start":{"line":66,"column":22},"end":{"line":66,"column":35}},"30":{"start":{"line":68,"column":27},"end":{"line":71,"column":32}},"31":{"start":{"line":74,"column":8},"end":{"line":74,"column":34}},"32":{"start":{"line":76,"column":8},"end":{"line":76,"column":53}},"33":{"start":{"line":80,"column":6},"end":{"line":80,"column":52}},"34":{"start":{"line":84,"column":4},"end":{"line":90,"column":9}},"35":{"start":{"line":88,"column":8},"end":{"line":88,"column":26}},"36":{"start":{"line":89,"column":8},"end":{"line":89,"column":47}},"37":{"start":{"line":94,"column":2},"end":{"line":129,"column":5}},"38":{"start":{"line":98,"column":17},"end":{"line":98,"column":30}},"39":{"start":{"line":99,"column":20},"end":{"line":99,"column":36}},"40":{"start":{"line":104,"column":4},"end":{"line":125,"column":7}},"41":{"start":{"line":106,"column":6},"end":{"line":109,"column":7}},"42":{"start":{"line":107,"column":8},"end":{"line":107,"column":27}},"43":{"start":{"line":108,"column":8},"end":{"line":108,"column":15}},"44":{"start":{"line":111,"column":6},"end":{"line":111,"column":29}},"45":{"start":{"line":113,"column":22},"end":{"line":113,"column":37}},"46":{"start":{"line":115,"column":27},"end":{"line":115,"column":50}},"47":{"start":{"line":116,"column":20},"end":{"line":116,"column":55}},"48":{"start":{"line":118,"column":20},"end":{"line":121,"column":8}},"49":{"start":{"line":123,"column":6},"end":{"line":123,"column":57}},"50":{"start":{"line":127,"column":4},"end":{"line":127,"column":68}},"51":{"start":{"line":145,"column":0},"end":{"line":145,"column":23}}},"fnMap":{"0":{"name":"route","decl":{"start":{"line":12,"column":9},"end":{"line":12,"column":14}},"loc":{"start":{"line":12,"column":20},"end":{"line":142,"column":1}},"line":12},"1":{"name":"(anonymous_1)","decl":{"start":{"line":14,"column":15},"end":{"line":14,"column":16}},"loc":{"start":{"line":14,"column":29},"end":{"line":92,"column":3}},"line":14},"2":{"name":"(anonymous_2)","decl":{"start":{"line":38,"column":25},"end":{"line":38,"column":26}},"loc":{"start":{"line":38,"column":43},"end":{"line":81,"column":5}},"line":38},"3":{"name":"find","decl":{"start":{"line":42,"column":15},"end":{"line":42,"column":19}},"loc":{"start":{"line":42,"column":35},"end":{"line":49,"column":7}},"line":42},"4":{"name":"(anonymous_4)","decl":{"start":{"line":43,"column":28},"end":{"line":43,"column":29}},"loc":{"start":{"line":43,"column":38},"end":{"line":48,"column":9}},"line":43},"5":{"name":"(anonymous_5)","decl":{"start":{"line":87,"column":13},"end":{"line":87,"column":14}},"loc":{"start":{"line":87,"column":22},"end":{"line":90,"column":7}},"line":87},"6":{"name":"(anonymous_6)","decl":{"start":{"line":94,"column":19},"end":{"line":94,"column":20}},"loc":{"start":{"line":94,"column":33},"end":{"line":129,"column":3}},"line":94},"7":{"name":"(anonymous_7)","decl":{"start":{"line":104,"column":68},"end":{"line":104,"column":69}},"loc":{"start":{"line":104,"column":89},"end":{"line":125,"column":5}},"line":104}},"branchMap":{"0":{"loc":{"start":{"line":20,"column":21},"end":{"line":20,"column":31}},"type":"binary-expr","locations":[{"start":{"line":20,"column":21},"end":{"line":20,"column":25}},{"start":{"line":20,"column":29},"end":{"line":20,"column":31}}],"line":20},"1":{"loc":{"start":{"line":21,"column":24},"end":{"line":21,"column":37}},"type":"binary-expr","locations":[{"start":{"line":21,"column":24},"end":{"line":21,"column":31}},{"start":{"line":21,"column":35},"end":{"line":21,"column":37}}],"line":21},"2":{"loc":{"start":{"line":29,"column":4},"end":{"line":31,"column":5}},"type":"if","locations":[{"start":{"line":29,"column":4},"end":{"line":31,"column":5}},{"start":{},"end":{}}],"line":29},"3":{"loc":{"start":{"line":29,"column":8},"end":{"line":29,"column":25}},"type":"binary-expr","locations":[{"start":{"line":29,"column":8},"end":{"line":29,"column":13}},{"start":{"line":29,"column":17},"end":{"line":29,"column":25}}],"line":29},"4":{"loc":{"start":{"line":34,"column":4},"end":{"line":37,"column":5}},"type":"if","locations":[{"start":{"line":34,"column":4},"end":{"line":37,"column":5}},{"start":{},"end":{}}],"line":34},"5":{"loc":{"start":{"line":44,"column":10},"end":{"line":46,"column":11}},"type":"if","locations":[{"start":{"line":44,"column":10},"end":{"line":46,"column":11}},{"start":{},"end":{}}],"line":44},"6":{"loc":{"start":{"line":44,"column":13},"end":{"line":44,"column":58}},"type":"binary-expr","locations":[{"start":{"line":44,"column":13},"end":{"line":44,"column":31}},{"start":{"line":44,"column":35},"end":{"line":44,"column":58}}],"line":44},"7":{"loc":{"start":{"line":57,"column":6},"end":{"line":78,"column":7}},"type":"if","locations":[{"start":{"line":57,"column":6},"end":{"line":78,"column":7}},{"start":{},"end":{}}],"line":57},"8":{"loc":{"start":{"line":106,"column":6},"end":{"line":109,"column":7}},"type":"if","locations":[{"start":{"line":106,"column":6},"end":{"line":109,"column":7}},{"start":{},"end":{}}],"line":106}},"s":{"0":1,"1":1,"2":1,"3":1,"4":1,"5":1,"6":1,"7":1,"8":4,"9":4,"10":4,"11":4,"12":1,"13":3,"14":1,"15":1,"16":2,"17":1,"18":1,"19":1,"20":0,"21":0,"22":0,"23":1,"24":1,"25":1,"26":1,"27":0,"28":0,"29":0,"30":0,"31":0,"32":0,"33":1,"34":2,"35":1,"36":1,"37":1,"38":0,"39":0,"40":0,"41":0,"42":0,"43":0,"44":0,"45":0,"46":0,"47":0,"48":0,"49":0,"50":0,"51":1},"f":{"0":1,"1":4,"2":1,"3":1,"4":0,"5":1,"6":0,"7":0},"b":{"0":[4,1],"1":[4,1],"2":[1,3],"3":[4,1],"4":[1,2],"5":[0,0],"6":[0,0],"7":[0,1],"8":[0,0]},"_coverageSchema":"1a1c01bbd47fc00a2c39e90264f33305004495a9","hash":"8a0e49add417891da084dff6f27e1e0989ec936d"}
,"/Users/digital/Desktop/app-test/app/server.js": {"path":"/Users/digital/Desktop/app-test/app/server.js","statementMap":{"0":{"start":{"line":1,"column":16},"end":{"line":1,"column":34}},"1":{"start":{"line":2,"column":16},"end":{"line":2,"column":40}},"2":{"start":{"line":3,"column":13},"end":{"line":3,"column":28}},"3":{"start":{"line":5,"column":12},"end":{"line":5,"column":21}},"4":{"start":{"line":8,"column":0},"end":{"line":8,"column":26}},"5":{"start":{"line":11,"column":0},"end":{"line":11,"column":56}},"6":{"start":{"line":12,"column":0},"end":{"line":12,"column":71}},"7":{"start":{"line":13,"column":0},"end":{"line":13,"column":77}},"8":{"start":{"line":14,"column":0},"end":{"line":14,"column":24}},"9":{"start":{"line":17,"column":0},"end":{"line":17,"column":46}},"10":{"start":{"line":18,"column":0},"end":{"line":18,"column":48}},"11":{"start":{"line":19,"column":0},"end":{"line":19,"column":31}},"12":{"start":{"line":22,"column":0},"end":{"line":22,"column":23}},"13":{"start":{"line":25,"column":0},"end":{"line":25,"column":24}},"14":{"start":{"line":28,"column":13},"end":{"line":28,"column":37}},"15":{"start":{"line":29,"column":0},"end":{"line":29,"column":30}},"16":{"start":{"line":30,"column":0},"end":{"line":30,"column":41}},"17":{"start":{"line":32,"column":0},"end":{"line":32,"column":21}}},"fnMap":{},"branchMap":{"0":{"loc":{"start":{"line":28,"column":13},"end":{"line":28,"column":37}},"type":"binary-expr","locations":[{"start":{"line":28,"column":13},"end":{"line":28,"column":29}},{"start":{"line":28,"column":33},"end":{"line":28,"column":37}}],"line":28}},"s":{"0":1,"1":1,"2":1,"3":1,"4":1,"5":1,"6":1,"7":1,"8":1,"9":1,"10":1,"11":1,"12":1,"13":1,"14":1,"15":1,"16":1,"17":1},"f":{},"b":{"0":[1,1]},"_coverageSchema":"1a1c01bbd47fc00a2c39e90264f33305004495a9","hash":"43ada00f47fafa8c520f4b80596682b43ee43251"}
,"/Users/digital/Desktop/app-test/app/worker.js": {"path":"/Users/digital/Desktop/app-test/app/worker.js","statementMap":{"0":{"start":{"line":2,"column":11},"end":{"line":2,"column":24}},"1":{"start":{"line":4,"column":17},"end":{"line":4,"column":48}},"2":{"start":{"line":5,"column":20},"end":{"line":5,"column":52}},"3":{"start":{"line":7,"column":19},"end":{"line":7,"column":43}},"4":{"start":{"line":9,"column":16},"end":{"line":9,"column":34}},"5":{"start":{"line":10,"column":18},"end":{"line":10,"column":39}},"6":{"start":{"line":12,"column":16},"end":{"line":12,"column":36}},"7":{"start":{"line":15,"column":19},"end":{"line":15,"column":23}},"8":{"start":{"line":16,"column":19},"end":{"line":16,"column":23}},"9":{"start":{"line":20,"column":28},"end":{"line":26,"column":3}},"10":{"start":{"line":28,"column":2},"end":{"line":34,"column":3}},"11":{"start":{"line":31,"column":6},"end":{"line":31,"column":39}},"12":{"start":{"line":32,"column":6},"end":{"line":32,"column":30}},"13":{"start":{"line":36,"column":2},"end":{"line":36,"column":34}},"14":{"start":{"line":42,"column":17},"end":{"line":42,"column":34}},"15":{"start":{"line":44,"column":2},"end":{"line":46,"column":4}},"16":{"start":{"line":45,"column":4},"end":{"line":45,"column":81}},"17":{"start":{"line":52,"column":12},"end":{"line":52,"column":27}},"18":{"start":{"line":53,"column":2},"end":{"line":53,"column":18}},"19":{"start":{"line":57,"column":15},"end":{"line":57,"column":28}},"20":{"start":{"line":58,"column":17},"end":{"line":58,"column":38}},"21":{"start":{"line":59,"column":15},"end":{"line":59,"column":55}},"22":{"start":{"line":61,"column":4},"end":{"line":74,"column":6}},"23":{"start":{"line":63,"column":6},"end":{"line":65,"column":7}},"24":{"start":{"line":64,"column":8},"end":{"line":64,"column":18}},"25":{"start":{"line":67,"column":6},"end":{"line":70,"column":7}},"26":{"start":{"line":68,"column":8},"end":{"line":68,"column":22}},"27":{"start":{"line":69,"column":8},"end":{"line":69,"column":15}},"28":{"start":{"line":72,"column":6},"end":{"line":72,"column":19}},"29":{"start":{"line":78,"column":2},"end":{"line":78,"column":16}},"30":{"start":{"line":84,"column":16},"end":{"line":84,"column":29}},"31":{"start":{"line":86,"column":15},"end":{"line":88,"column":20}},"32":{"start":{"line":91,"column":17},"end":{"line":97,"column":4}},"33":{"start":{"line":99,"column":2},"end":{"line":99,"column":16}},"34":{"start":{"line":106,"column":13},"end":{"line":106,"column":37}},"35":{"start":{"line":107,"column":15},"end":{"line":107,"column":36}},"36":{"start":{"line":109,"column":2},"end":{"line":109,"column":31}},"37":{"start":{"line":111,"column":18},"end":{"line":111,"column":44}},"38":{"start":{"line":113,"column":17},"end":{"line":113,"column":45}},"39":{"start":{"line":114,"column":2},"end":{"line":114,"column":27}},"40":{"start":{"line":116,"column":2},"end":{"line":121,"column":4}},"41":{"start":{"line":123,"column":2},"end":{"line":123,"column":16}},"42":{"start":{"line":130,"column":2},"end":{"line":130,"column":71}},"43":{"start":{"line":133,"column":2},"end":{"line":133,"column":45}},"44":{"start":{"line":137,"column":0},"end":{"line":151,"column":3}},"45":{"start":{"line":139,"column":4},"end":{"line":142,"column":5}},"46":{"start":{"line":140,"column":6},"end":{"line":140,"column":25}},"47":{"start":{"line":141,"column":6},"end":{"line":141,"column":13}},"48":{"start":{"line":144,"column":4},"end":{"line":144,"column":27}},"49":{"start":{"line":146,"column":20},"end":{"line":146,"column":35}},"50":{"start":{"line":148,"column":4},"end":{"line":148,"column":43}},"51":{"start":{"line":149,"column":4},"end":{"line":149,"column":32}}},"fnMap":{"0":{"name":"getImages","decl":{"start":{"line":18,"column":15},"end":{"line":18,"column":24}},"loc":{"start":{"line":18,"column":31},"end":{"line":38,"column":1}},"line":18},"1":{"name":"(anonymous_1)","decl":{"start":{"line":30,"column":10},"end":{"line":30,"column":11}},"loc":{"start":{"line":30,"column":20},"end":{"line":33,"column":5}},"line":30},"2":{"name":"uuidv4","decl":{"start":{"line":40,"column":9},"end":{"line":40,"column":15}},"loc":{"start":{"line":40,"column":18},"end":{"line":48,"column":1}},"line":40},"3":{"name":"(anonymous_3)","decl":{"start":{"line":44,"column":66},"end":{"line":44,"column":67}},"loc":{"start":{"line":45,"column":4},"end":{"line":45,"column":81}},"line":45},"4":{"name":"zipImage","decl":{"start":{"line":50,"column":15},"end":{"line":50,"column":23}},"loc":{"start":{"line":50,"column":39},"end":{"line":80,"column":1}},"line":50},"5":{"name":"addNextFile","decl":{"start":{"line":55,"column":11},"end":{"line":55,"column":22}},"loc":{"start":{"line":55,"column":25},"end":{"line":76,"column":3}},"line":55},"6":{"name":"(anonymous_6)","decl":{"start":{"line":61,"column":38},"end":{"line":61,"column":39}},"loc":{"start":{"line":61,"column":45},"end":{"line":74,"column":5}},"line":61},"7":{"name":"pushOnDrive","decl":{"start":{"line":82,"column":15},"end":{"line":82,"column":26}},"loc":{"start":{"line":82,"column":38},"end":{"line":101,"column":1}},"line":82},"8":{"name":"messageHandler","decl":{"start":{"line":104,"column":15},"end":{"line":104,"column":29}},"loc":{"start":{"line":104,"column":40},"end":{"line":125,"column":1}},"line":104},"9":{"name":"listenForMessages","decl":{"start":{"line":127,"column":15},"end":{"line":127,"column":32}},"loc":{"start":{"line":127,"column":61},"end":{"line":135,"column":1}},"line":127},"10":{"name":"(anonymous_10)","decl":{"start":{"line":137,"column":64},"end":{"line":137,"column":65}},"loc":{"start":{"line":137,"column":79},"end":{"line":151,"column":1}},"line":137}},"branchMap":{"0":{"loc":{"start":{"line":63,"column":6},"end":{"line":65,"column":7}},"type":"if","locations":[{"start":{"line":63,"column":6},"end":{"line":65,"column":7}},{"start":{},"end":{}}],"line":63},"1":{"loc":{"start":{"line":67,"column":6},"end":{"line":70,"column":7}},"type":"if","locations":[{"start":{"line":67,"column":6},"end":{"line":70,"column":7}},{"start":{},"end":{}}],"line":67},"2":{"loc":{"start":{"line":139,"column":4},"end":{"line":142,"column":5}},"type":"if","locations":[{"start":{"line":139,"column":4},"end":{"line":142,"column":5}},{"start":{},"end":{}}],"line":139}},"s":{"0":1,"1":1,"2":1,"3":1,"4":1,"5":1,"6":1,"7":1,"8":1,"9":0,"10":0,"11":0,"12":0,"13":0,"14":0,"15":0,"16":0,"17":0,"18":0,"19":0,"20":0,"21":0,"22":0,"23":0,"24":0,"25":0,"26":0,"27":0,"28":0,"29":0,"30":0,"31":0,"32":0,"33":0,"34":0,"35":0,"36":0,"37":0,"38":0,"39":0,"40":0,"41":0,"42":1,"43":1,"44":1,"45":1,"46":0,"47":0,"48":1,"49":1,"50":1,"51":1},"f":{"0":0,"1":0,"2":0,"3":0,"4":0,"5":0,"6":0,"7":0,"8":0,"9":1,"10":1},"b":{"0":[0,0],"1":[0,0],"2":[0,1]},"_coverageSchema":"1a1c01bbd47fc00a2c39e90264f33305004495a9","hash":"8a65bb9b9e9b1628a06091cbb6f1ade395348f87"}
}
