TN:
SF:app/dataZip.js
FNF:0
FNH:0
DA:1,1
DA:3,1
LF:2
LH:2
BRF:0
BRH:0
end_of_record
TN:
SF:app/form_validator.js
FN:1,isValidCommaDelimitedList
FN:7,isValidTagmode
FN:11,hasValidFlickrAPIParams
FNF:3
FNH:3
FNDA:10,isValidCommaDelimitedList
FNDA:7,isValidTagmode
FNDA:6,hasValidFlickrAPIParams
DA:3,10
DA:4,10
DA:8,7
DA:12,6
DA:15,2
LF:5
LH:5
BRDA:8,0,0,7
BRDA:8,0,1,3
BRDA:12,1,0,6
BRDA:12,1,1,4
BRF:4
BRH:4
end_of_record
TN:
SF:app/jsonp_helper.js
FN:1,parseJSONP
FNF:1
FNH:1
FNDA:5,parseJSONP
DA:2,5
DA:3,5
DA:4,5
DA:5,5
DA:8,5
DA:10,5
DA:12,2
DA:13,2
DA:17,4
LF:9
LH:9
BRF:0
BRH:0
end_of_record
TN:
SF:app/photo_model.js
FN:5,getFlickrPhotos
FN:15,(anonymous_1)
FN:18,(anonymous_2)
FNF:3
FNH:3
FNDA:3,getFlickrPhotos
FNDA:2,(anonymous_1)
FNDA:2,(anonymous_2)
DA:1,3
DA:2,3
DA:3,3
DA:6,3
DA:8,3
DA:15,3
DA:16,2
DA:18,1
DA:19,2
DA:20,2
DA:23,1
DA:27,3
LF:12
LH:12
BRF:0
BRH:0
end_of_record
TN:
SF:app/route.js
FN:12,route
FN:14,(anonymous_1)
FN:38,(anonymous_2)
FN:42,find
FN:43,(anonymous_4)
FN:87,(anonymous_5)
FN:94,(anonymous_6)
FN:104,(anonymous_7)
FNF:8
FNH:5
FNDA:1,route
FNDA:4,(anonymous_1)
FNDA:1,(anonymous_2)
FNDA:1,find
FNDA:0,(anonymous_4)
FNDA:1,(anonymous_5)
FNDA:0,(anonymous_6)
FNDA:0,(anonymous_7)
DA:1,1
DA:3,1
DA:4,1
DA:6,1
DA:7,1
DA:9,1
DA:10,1
DA:14,1
DA:16,4
DA:17,4
DA:19,4
DA:29,4
DA:30,1
DA:34,3
DA:35,1
DA:36,1
DA:38,2
DA:39,1
DA:40,1
DA:43,1
DA:44,0
DA:45,0
DA:47,0
DA:51,1
DA:53,1
DA:55,1
DA:57,1
DA:59,0
DA:61,0
DA:66,0
DA:68,0
DA:74,0
DA:76,0
DA:80,1
DA:84,2
DA:88,1
DA:89,1
DA:94,1
DA:98,0
DA:99,0
DA:104,0
DA:106,0
DA:107,0
DA:108,0
DA:111,0
DA:113,0
DA:115,0
DA:116,0
DA:118,0
DA:123,0
DA:127,0
DA:145,1
LF:52
LH:30
BRDA:20,0,0,4
BRDA:20,0,1,1
BRDA:21,1,0,4
BRDA:21,1,1,1
BRDA:29,2,0,1
BRDA:29,2,1,3
BRDA:29,3,0,4
BRDA:29,3,1,1
BRDA:34,4,0,1
BRDA:34,4,1,2
BRDA:44,5,0,0
BRDA:44,5,1,0
BRDA:44,6,0,0
BRDA:44,6,1,0
BRDA:57,7,0,0
BRDA:57,7,1,1
BRDA:106,8,0,0
BRDA:106,8,1,0
BRF:18
BRH:11
end_of_record
TN:
SF:app/server.js
FNF:0
FNH:0
DA:1,1
DA:2,1
DA:3,1
DA:5,1
DA:8,1
DA:11,1
DA:12,1
DA:13,1
DA:14,1
DA:17,1
DA:18,1
DA:19,1
DA:22,1
DA:25,1
DA:28,1
DA:29,1
DA:30,1
DA:32,1
LF:18
LH:18
BRDA:28,0,0,1
BRDA:28,0,1,1
BRF:2
BRH:2
end_of_record
TN:
SF:app/worker.js
FN:18,getImages
FN:30,(anonymous_1)
FN:40,uuidv4
FN:44,(anonymous_3)
FN:50,zipImage
FN:55,addNextFile
FN:61,(anonymous_6)
FN:82,pushOnDrive
FN:104,messageHandler
FN:127,listenForMessages
FN:137,(anonymous_10)
FNF:11
FNH:2
FNDA:0,getImages
FNDA:0,(anonymous_1)
FNDA:0,uuidv4
FNDA:0,(anonymous_3)
FNDA:0,zipImage
FNDA:0,addNextFile
FNDA:0,(anonymous_6)
FNDA:0,pushOnDrive
FNDA:0,messageHandler
FNDA:1,listenForMessages
FNDA:1,(anonymous_10)
DA:2,1
DA:4,1
DA:5,1
DA:7,1
DA:9,1
DA:10,1
DA:12,1
DA:15,1
DA:16,1
DA:20,0
DA:28,0
DA:31,0
DA:32,0
DA:36,0
DA:42,0
DA:44,0
DA:45,0
DA:52,0
DA:53,0
DA:57,0
DA:58,0
DA:59,0
DA:61,0
DA:63,0
DA:64,0
DA:67,0
DA:68,0
DA:69,0
DA:72,0
DA:78,0
DA:84,0
DA:86,0
DA:91,0
DA:99,0
DA:106,0
DA:107,0
DA:109,0
DA:111,0
DA:113,0
DA:114,0
DA:116,0
DA:123,0
DA:130,1
DA:133,1
DA:137,1
DA:139,1
DA:140,0
DA:141,0
DA:144,1
DA:146,1
DA:148,1
DA:149,1
LF:52
LH:17
BRDA:63,0,0,0
BRDA:63,0,1,0
BRDA:67,1,0,0
BRDA:67,1,1,0
BRDA:139,2,0,0
BRDA:139,2,1,1
BRF:6
BRH:1
end_of_record
